<?xml version="1.0" encoding="UTF-8" ?>
<testsuites name="vitest tests" tests="1493" failures="0" errors="0" time="48.4907927">
    <testsuite name="test/auth/BasicStrategy.test.ts" timestamp="2026-08-23T00:11:32.984Z" hostname="Jane" tests="16" failures="0" errors="0" skipped="0" time="0.0093669">
        <testcase classname="test/auth/BasicStrategy.test.ts" name="BasicStrategy Tests &gt; authenticate &gt; Returns an AuthResult when verify() resolves a user." time="0.0030592">
        </testcase>
        <testcase classname="test/auth/BasicStrategy.test.ts" name="BasicStrategy Tests &gt; authenticate &gt; Throws when verify() resolves undefined and auth is required." time="0.0010817">
        </testcase>
        <testcase classname="test/auth/BasicStrategy.test.ts" name="BasicStrategy Tests &gt; authenticate &gt; Returns undefined when verify() resolves undefined and auth is not required." time="0.000223">
        </testcase>
        <testcase classname="test/auth/BasicStrategy.test.ts" name="BasicStrategy Tests &gt; authenticate &gt; Returns undefined without calling verify() when no id/password is present." time="0.0002461">
        </testcase>
        <testcase classname="test/auth/BasicStrategy.test.ts" name="BasicStrategy Tests &gt; authenticate &gt; The default verify() throws if the consumer forgot to override it." time="0.000283">
        </testcase>
        <testcase classname="test/auth/BasicStrategy.test.ts" name="BasicStrategy Tests &gt; authenticate &gt; Invokes checkRateLimit with the claimed identifier when configured." time="0.0003994">
        </testcase>
        <testcase classname="test/auth/BasicStrategy.test.ts" name="BasicStrategy Tests &gt; authenticate &gt; Aborts before verify() when checkRateLimit throws." time="0.0003146">
        </testcase>
        <testcase classname="test/auth/BasicStrategy.test.ts" name="BasicStrategy Tests &gt; authenticate &gt; Behaves exactly as before when checkRateLimit is not configured." time="0.0001589">
        </testcase>
        <testcase classname="test/auth/BasicStrategy.test.ts" name="BasicStrategy Tests &gt; authenticateSync &gt; Returns an AuthResult when verifySync() resolves a user." time="0.0009496">
        </testcase>
        <testcase classname="test/auth/BasicStrategy.test.ts" name="BasicStrategy Tests &gt; authenticateSync &gt; Throws when verifySync() returns undefined and auth is required." time="0.0003221">
        </testcase>
        <testcase classname="test/auth/BasicStrategy.test.ts" name="BasicStrategy Tests &gt; authenticateSync &gt; Returns undefined when verifySync() returns undefined and auth is not required." time="0.0001577">
        </testcase>
        <testcase classname="test/auth/BasicStrategy.test.ts" name="BasicStrategy Tests &gt; authenticateSync &gt; Returns undefined without calling verifySync() when no id/password is present." time="0.0001392">
        </testcase>
        <testcase classname="test/auth/BasicStrategy.test.ts" name="BasicStrategy Tests &gt; authenticateSync &gt; The default verifySync() throws if the consumer forgot to override it." time="0.0002274">
        </testcase>
        <testcase classname="test/auth/BasicStrategy.test.ts" name="BasicStrategy Tests &gt; authenticateSync &gt; Invokes checkRateLimitSync with the claimed identifier when configured." time="0.0002223">
        </testcase>
        <testcase classname="test/auth/BasicStrategy.test.ts" name="BasicStrategy Tests &gt; authenticateSync &gt; Aborts before verifySync() when checkRateLimitSync throws." time="0.0002421">
        </testcase>
        <testcase classname="test/auth/BasicStrategy.test.ts" name="BasicStrategy Tests &gt; authenticateSync &gt; Behaves exactly as before when checkRateLimitSync is not configured." time="0.0001435">
        </testcase>
    </testsuite>
    <testsuite name="test/auth/FIDO2Strategy.test.ts" timestamp="2026-08-23T00:11:32.989Z" hostname="Jane" tests="29" failures="0" errors="0" skipped="0" time="0.0148874">
        <testcase classname="test/auth/FIDO2Strategy.test.ts" name="FIDO2Strategy Tests &gt; Begin (phase 1) &gt; Generates options with no allowCredentials when no uid hint is given." time="0.0030447">
        </testcase>
        <testcase classname="test/auth/FIDO2Strategy.test.ts" name="FIDO2Strategy Tests &gt; Begin (phase 1) &gt; Builds allowCredentials from getCredentials when a uid hint has registered credentials." time="0.0017739">
        </testcase>
        <testcase classname="test/auth/FIDO2Strategy.test.ts" name="FIDO2Strategy Tests &gt; Begin (phase 1) &gt; Leaves allowCredentials undefined (not an empty array) when a uid hint has zero credentials." time="0.0002771">
        </testcase>
        <testcase classname="test/auth/FIDO2Strategy.test.ts" name="FIDO2Strategy Tests &gt; Begin (phase 1) &gt; Throws if req.session is missing." time="0.0011084">
        </testcase>
        <testcase classname="test/auth/FIDO2Strategy.test.ts" name="FIDO2Strategy Tests &gt; Begin (phase 1) &gt; Throws if res is missing." time="0.0002061">
        </testcase>
        <testcase classname="test/auth/FIDO2Strategy.test.ts" name="FIDO2Strategy Tests &gt; Begin (phase 1) &gt; Invokes checkRateLimit with the uid hint when one is given." time="0.0002442">
        </testcase>
        <testcase classname="test/auth/FIDO2Strategy.test.ts" name="FIDO2Strategy Tests &gt; Begin (phase 1) &gt; Does not invoke checkRateLimit for the discoverable/no-hint flow." time="0.0002113">
        </testcase>
        <testcase classname="test/auth/FIDO2Strategy.test.ts" name="FIDO2Strategy Tests &gt; Begin (phase 1) &gt; Aborts before getCredentials() when checkRateLimit throws." time="0.0003127">
        </testcase>
        <testcase classname="test/auth/FIDO2Strategy.test.ts" name="FIDO2Strategy Tests &gt; Finish (phase 2) &gt; Verifies successfully, updates the counter, clears the session challenge, and returns the AuthResult." time="0.0007037">
        </testcase>
        <testcase classname="test/auth/FIDO2Strategy.test.ts" name="FIDO2Strategy Tests &gt; Finish (phase 2) &gt; Throws if req.session is missing." time="0.0007236">
        </testcase>
        <testcase classname="test/auth/FIDO2Strategy.test.ts" name="FIDO2Strategy Tests &gt; Finish (phase 2) &gt; Throws if there is no challenge stored in the session." time="0.0002233">
        </testcase>
        <testcase classname="test/auth/FIDO2Strategy.test.ts" name="FIDO2Strategy Tests &gt; Finish (phase 2) &gt; Throws on a malformed response body without calling storage or SimpleWebAuthn." time="0.0002205">
        </testcase>
        <testcase classname="test/auth/FIDO2Strategy.test.ts" name="FIDO2Strategy Tests &gt; Finish (phase 2) &gt; Throws a generic failure on an unknown credential ID without calling verifyAuthenticationResponse." time="0.0002435">
        </testcase>
        <testcase classname="test/auth/FIDO2Strategy.test.ts" name="FIDO2Strategy Tests &gt; Finish (phase 2) &gt; Invokes checkRateLimit with the credential id after shape validation succeeds." time="0.0003604">
        </testcase>
        <testcase classname="test/auth/FIDO2Strategy.test.ts" name="FIDO2Strategy Tests &gt; Finish (phase 2) &gt; Aborts before getCredentialById() when checkRateLimit throws." time="0.0002419">
        </testcase>
        <testcase classname="test/auth/FIDO2Strategy.test.ts" name="FIDO2Strategy Tests &gt; Finish (phase 2) &gt; Throws a generic failure when verification resolves verified: false, without updating the counter." time="0.0002918">
        </testcase>
        <testcase classname="test/auth/FIDO2Strategy.test.ts" name="FIDO2Strategy Tests &gt; Finish (phase 2) &gt; Clears the session challenge before verification is attempted, even on failure." time="0.0002089">
        </testcase>
        <testcase classname="test/auth/FIDO2Strategy.test.ts" name="FIDO2Strategy Tests &gt; Finish (phase 2) &gt; Rejects a non-finite stored counter as an invalid credential." time="0.0002407">
        </testcase>
        <testcase classname="test/auth/FIDO2Strategy.test.ts" name="FIDO2Strategy Tests &gt; Finish (phase 2) &gt; Propagates a thrown/rejected verifyAuthenticationResponse error without updating the counter." time="0.0002467">
        </testcase>
        <testcase classname="test/auth/FIDO2Strategy.test.ts" name="FIDO2Strategy Tests &gt; Finish (phase 2) &gt; Rejects a non-zero counter that does not exceed the stored counter (cloned authenticator), without updating." time="0.0002274">
        </testcase>
        <testcase classname="test/auth/FIDO2Strategy.test.ts" name="FIDO2Strategy Tests &gt; Finish (phase 2) &gt; Accepts a newCounter of 0 despite not exceeding the stored counter." time="0.0006056">
        </testcase>
        <testcase classname="test/auth/FIDO2Strategy.test.ts" name="FIDO2Strategy Tests &gt; Finish (phase 2) &gt; Returns undefined (does not throw) when verify() resolves undefined and auth is not required." time="0.0002103">
        </testcase>
        <testcase classname="test/auth/FIDO2Strategy.test.ts" name="FIDO2Strategy Tests &gt; Finish (phase 2) &gt; Throws when verify() resolves undefined and auth is required." time="0.000231">
        </testcase>
        <testcase classname="test/auth/FIDO2Strategy.test.ts" name="FIDO2Strategy Tests &gt; authenticateSync throws &apos;Not supported&apos;." time="0.0001981">
        </testcase>
        <testcase classname="test/auth/FIDO2Strategy.test.ts" name="FIDO2Strategy Tests &gt; Dispatches to verify() when the body has a response but no id." time="0.0002263">
        </testcase>
        <testcase classname="test/auth/FIDO2Strategy.test.ts" name="FIDO2Strategy Tests &gt; Default FIDO2StrategyOptions &gt; getCredentialById throws if the consumer forgot to override it." time="0.0003315">
        </testcase>
        <testcase classname="test/auth/FIDO2Strategy.test.ts" name="FIDO2Strategy Tests &gt; Default FIDO2StrategyOptions &gt; getCredentials throws if the consumer forgot to override it." time="0.0001872">
        </testcase>
        <testcase classname="test/auth/FIDO2Strategy.test.ts" name="FIDO2Strategy Tests &gt; Default FIDO2StrategyOptions &gt; updateCredentialCounter throws if the consumer forgot to override it." time="0.0001906">
        </testcase>
        <testcase classname="test/auth/FIDO2Strategy.test.ts" name="FIDO2Strategy Tests &gt; Default FIDO2StrategyOptions &gt; getUser throws if the consumer forgot to override it." time="0.000168">
        </testcase>
    </testsuite>
    <testsuite name="test/auth/MFAStrategy.test.ts" timestamp="2026-08-23T00:11:32.992Z" hostname="Jane" tests="64" failures="0" errors="0" skipped="0" time="0.4561404">
        <testcase classname="test/auth/MFAStrategy.test.ts" name="MFAStrategy Tests &gt; authenticateSync throws &apos;Not supported&apos;." time="0.0026909">
        </testcase>
        <testcase classname="test/auth/MFAStrategy.test.ts" name="MFAStrategy Tests &gt; Dispatch &gt; Routes an OTP-shaped payload (id+token) to verifyOTP and authenticates on success." time="0.0036293">
        </testcase>
        <testcase classname="test/auth/MFAStrategy.test.ts" name="MFAStrategy Tests &gt; Dispatch &gt; Falls through to the required check when the OTP token is invalid." time="0.0005483">
        </testcase>
        <testcase classname="test/auth/MFAStrategy.test.ts" name="MFAStrategy Tests &gt; Dispatch &gt; Returns undefined for a passkey-shaped payload when there is no phase-2 session state (cold request)." time="0.0003145">
        </testcase>
        <testcase classname="test/auth/MFAStrategy.test.ts" name="MFAStrategy Tests &gt; Dispatch &gt; Authenticates on a passkey-shaped payload once verifyFIDO resolves a user." time="0.0002217">
        </testcase>
        <testcase classname="test/auth/MFAStrategy.test.ts" name="MFAStrategy Tests &gt; Dispatch &gt; Falls through to the required check on a passkey-shaped payload once verifyFIDO resolves undefined." time="0.0002072">
        </testcase>
        <testcase classname="test/auth/MFAStrategy.test.ts" name="MFAStrategy Tests &gt; Dispatch &gt; Routes an id+password payload to verifyBasic and authenticates when there are no 2FA methods and require2FA is false." time="0.0002774">
        </testcase>
        <testcase classname="test/auth/MFAStrategy.test.ts" name="MFAStrategy Tests &gt; Dispatch &gt; Routes an id+methodId payload to challenge() and returns undefined." time="0.0005723">
        </testcase>
        <testcase classname="test/auth/MFAStrategy.test.ts" name="MFAStrategy Tests &gt; Dispatch &gt; Throws when no dispatch condition matches and auth is required." time="0.0006978">
        </testcase>
        <testcase classname="test/auth/MFAStrategy.test.ts" name="MFAStrategy Tests &gt; Dispatch &gt; Returns undefined when no dispatch condition matches and auth is not required." time="0.0001774">
        </testcase>
        <testcase classname="test/auth/MFAStrategy.test.ts" name="MFAStrategy Tests &gt; challenge (phase 2) &gt; Throws if req.session is missing." time="0.0002694">
        </testcase>
        <testcase classname="test/auth/MFAStrategy.test.ts" name="MFAStrategy Tests &gt; challenge (phase 2) &gt; Throws when there is no session-bound phase-1-verified identity (cold request)." time="0.0002584">
        </testcase>
        <testcase classname="test/auth/MFAStrategy.test.ts" name="MFAStrategy Tests &gt; challenge (phase 2) &gt; Throws when the session-bound identity does not match the claimed payload id." time="0.0002435">
        </testcase>
        <testcase classname="test/auth/MFAStrategy.test.ts" name="MFAStrategy Tests &gt; challenge (phase 2) &gt; Throws when the selected method id does not resolve." time="0.0002423">
        </testcase>
        <testcase classname="test/auth/MFAStrategy.test.ts" name="MFAStrategy Tests &gt; challenge (phase 2) &gt; Throws for a FIDO2 method when no fidoConfig is configured." time="0.0012096">
        </testcase>
        <testcase classname="test/auth/MFAStrategy.test.ts" name="MFAStrategy Tests &gt; challenge (phase 2) &gt; Generates a FIDO2 challenge scoped to the selected credential, writes it to the response, and records the method id." time="0.0021077">
        </testcase>
        <testcase classname="test/auth/MFAStrategy.test.ts" name="MFAStrategy Tests &gt; challenge (phase 2) &gt; Acknowledges a TOTP method selection without sending a notification, and records the method id." time="0.0003287">
        </testcase>
        <testcase classname="test/auth/MFAStrategy.test.ts" name="MFAStrategy Tests &gt; challenge (phase 2) &gt; Acknowledges a RECOVERY_CODE method selection without sending a notification, and records the method id/type." time="0.0003122">
        </testcase>
        <testcase classname="test/auth/MFAStrategy.test.ts" name="MFAStrategy Tests &gt; challenge (phase 2) &gt; Throws for an unsupported method type." time="0.0002922">
        </testcase>
        <testcase classname="test/auth/MFAStrategy.test.ts" name="MFAStrategy Tests &gt; challenge (phase 2) &gt; Clears a stale mfaMethodId left over from a previous TOTP/FIDO2 selection when OTP is selected." time="0.0004606">
        </testcase>
        <testcase classname="test/auth/MFAStrategy.test.ts" name="MFAStrategy Tests &gt; challenge (phase 2) &gt; Regression: switching from a TOTP selection to OTP still authenticates on the correct OTP code." time="0.0006532">
        </testcase>
        <testcase classname="test/auth/MFAStrategy.test.ts" name="MFAStrategy Tests &gt; verifyBasic (phase 1) &gt; Authenticates using body-supplied credentials when no Basic auth header is present." time="0.0002177">
        </testcase>
        <testcase classname="test/auth/MFAStrategy.test.ts" name="MFAStrategy Tests &gt; verifyBasic (phase 1) &gt; Throws when called directly with a payload missing id or password." time="0.0002521">
        </testcase>
        <testcase classname="test/auth/MFAStrategy.test.ts" name="MFAStrategy Tests &gt; verifyBasic (phase 1) &gt; Throws when verify() resolves undefined." time="0.0002693">
        </testcase>
        <testcase classname="test/auth/MFAStrategy.test.ts" name="MFAStrategy Tests &gt; verifyBasic (phase 1) &gt; Returns the user&apos;s uid alongside the list of 2FA methods, and does not authenticate, when methods are available." time="0.0003414">
        </testcase>
        <testcase classname="test/auth/MFAStrategy.test.ts" name="MFAStrategy Tests &gt; verifyBasic (phase 1) &gt; Does not throw when req.session is missing on successful password verification." time="0.0002144">
        </testcase>
        <testcase classname="test/auth/MFAStrategy.test.ts" name="MFAStrategy Tests &gt; verifyBasic (phase 1) &gt; Binds the session to the verified identity on successful password verification." time="0.0001933">
        </testcase>
        <testcase classname="test/auth/MFAStrategy.test.ts" name="MFAStrategy Tests &gt; verifyBasic (phase 1) &gt; Throws when there are no 2FA methods and require2FA is true (the default)." time="0.0002569">
        </testcase>
        <testcase classname="test/auth/MFAStrategy.test.ts" name="MFAStrategy Tests &gt; verifyBasic (phase 1) &gt; Invokes checkRateLimit with the claimed identifier before verify()." time="0.0002889">
        </testcase>
        <testcase classname="test/auth/MFAStrategy.test.ts" name="MFAStrategy Tests &gt; verifyBasic (phase 1) &gt; Aborts before verify() when checkRateLimit throws." time="0.0003818">
        </testcase>
        <testcase classname="test/auth/MFAStrategy.test.ts" name="MFAStrategy Tests &gt; verifyOTP (phase 3) &gt; Resolves the user via the session-bound identity, not the client-supplied payload id, and clears it after." time="0.0005557">
        </testcase>
        <testcase classname="test/auth/MFAStrategy.test.ts" name="MFAStrategy Tests &gt; verifyOTP (phase 3) &gt; Clears the session-bound identity even when the OTP token is invalid." time="0.0003859">
        </testcase>
        <testcase classname="test/auth/MFAStrategy.test.ts" name="MFAStrategy Tests &gt; verifyOTP (phase 3) &gt; Aborts before verifying the OTP token when checkRateLimit throws." time="0.0004463">
        </testcase>
        <testcase classname="test/auth/MFAStrategy.test.ts" name="MFAStrategy Tests &gt; verifyFIDO (phase 3) &gt; Verifies successfully, updates the counter, clears session state, and authenticates." time="0.0005095">
        </testcase>
        <testcase classname="test/auth/MFAStrategy.test.ts" name="MFAStrategy Tests &gt; verifyFIDO (phase 3) &gt; Throws if req.session is missing." time="0.0002977">
        </testcase>
        <testcase classname="test/auth/MFAStrategy.test.ts" name="MFAStrategy Tests &gt; verifyFIDO (phase 3) &gt; Throws for a FIDO2 response when no fidoConfig is configured, once session state is otherwise valid." time="0.0003171">
        </testcase>
        <testcase classname="test/auth/MFAStrategy.test.ts" name="MFAStrategy Tests &gt; verifyFIDO (phase 3) &gt; Returns undefined when the credential id does not match the one selected during phase 2." time="0.0002312">
        </testcase>
        <testcase classname="test/auth/MFAStrategy.test.ts" name="MFAStrategy Tests &gt; verifyFIDO (phase 3) &gt; Returns undefined when the resolved credential belongs to a different user." time="0.0002306">
        </testcase>
        <testcase classname="test/auth/MFAStrategy.test.ts" name="MFAStrategy Tests &gt; verifyFIDO (phase 3) &gt; Returns undefined when the assertion fails verification." time="0.0002862">
        </testcase>
        <testcase classname="test/auth/MFAStrategy.test.ts" name="MFAStrategy Tests &gt; verifyFIDO (phase 3) &gt; Returns undefined on a regressed (cloned authenticator) counter." time="0.0002851">
        </testcase>
        <testcase classname="test/auth/MFAStrategy.test.ts" name="MFAStrategy Tests &gt; verifyFIDO (phase 3) &gt; Rate limits by the phase-1-verified identity before verifying." time="0.000354">
        </testcase>
        <testcase classname="test/auth/MFAStrategy.test.ts" name="MFAStrategy Tests &gt; verifyTOTP (phase 3) &gt; Routes an OTP-shaped payload to verifyTOTP instead of verifyOTP when a TOTP method was selected." time="0.0008519">
        </testcase>
        <testcase classname="test/auth/MFAStrategy.test.ts" name="MFAStrategy Tests &gt; verifyTOTP (phase 3) &gt; Invokes checkRateLimit with the claimed payload id." time="0.0005096">
        </testcase>
        <testcase classname="test/auth/MFAStrategy.test.ts" name="MFAStrategy Tests &gt; verifyTOTP (phase 3) &gt; Persists the matched time step for replay protection on success." time="0.0006584">
        </testcase>
        <testcase classname="test/auth/MFAStrategy.test.ts" name="MFAStrategy Tests &gt; verifyTOTP (phase 3) &gt; Returns undefined when the token is invalid." time="0.0004136">
        </testcase>
        <testcase classname="test/auth/MFAStrategy.test.ts" name="MFAStrategy Tests &gt; verifyTOTP (phase 3) &gt; Returns undefined when the claimed payload id does not match the session-bound identity." time="0.0003734">
        </testcase>
        <testcase classname="test/auth/MFAStrategy.test.ts" name="MFAStrategy Tests &gt; verifyTOTP (phase 3) &gt; Returns undefined when the selected method is no longer a TOTP method." time="0.0002362">
        </testcase>
        <testcase classname="test/auth/MFAStrategy.test.ts" name="MFAStrategy Tests &gt; verifyTOTP (phase 3) &gt; Clears the session-bound identity and method even when verification fails." time="0.0002758">
        </testcase>
        <testcase classname="test/auth/MFAStrategy.test.ts" name="MFAStrategy Tests &gt; verifyRecoveryCode (phase 3) &gt; Routes an OTP-shaped payload to verifyRecoveryCode instead of verifyOTP/verifyTOTP when a RECOVERY_CODE method was selected." time="0.065134">
        </testcase>
        <testcase classname="test/auth/MFAStrategy.test.ts" name="MFAStrategy Tests &gt; verifyRecoveryCode (phase 3) &gt; Invokes checkRateLimit with the claimed payload id." time="0.0563064">
        </testcase>
        <testcase classname="test/auth/MFAStrategy.test.ts" name="MFAStrategy Tests &gt; verifyRecoveryCode (phase 3) &gt; Consumes the matched code by its index on success." time="0.1129152">
        </testcase>
        <testcase classname="test/auth/MFAStrategy.test.ts" name="MFAStrategy Tests &gt; verifyRecoveryCode (phase 3) &gt; Skips already-used codes when matching, and does not resurrect a used one." time="0.0558063">
        </testcase>
        <testcase classname="test/auth/MFAStrategy.test.ts" name="MFAStrategy Tests &gt; verifyRecoveryCode (phase 3) &gt; Returns undefined without consuming any code when the submitted code matches nothing." time="0.0803621">
        </testcase>
        <testcase classname="test/auth/MFAStrategy.test.ts" name="MFAStrategy Tests &gt; verifyRecoveryCode (phase 3) &gt; Returns undefined when the claimed payload id does not match the session-bound identity." time="0.000608">
        </testcase>
        <testcase classname="test/auth/MFAStrategy.test.ts" name="MFAStrategy Tests &gt; verifyRecoveryCode (phase 3) &gt; Returns undefined when the selected method is no longer a RECOVERY_CODE method." time="0.000252">
        </testcase>
        <testcase classname="test/auth/MFAStrategy.test.ts" name="MFAStrategy Tests &gt; verifyRecoveryCode (phase 3) &gt; Clears the session-bound identity and method even when verification fails." time="0.0002587">
        </testcase>
        <testcase classname="test/auth/MFAStrategy.test.ts" name="MFAStrategy Tests &gt; verifyRecoveryCode (phase 3) &gt; Does not throw when consumeRecoveryCode is not provided (optional hook)." time="0.0547394">
        </testcase>
        <testcase classname="test/auth/MFAStrategy.test.ts" name="MFAStrategy Tests &gt; Default MFAStrategyOptions &gt; getCredentialById throws if the consumer forgot to override it." time="0.000821">
        </testcase>
        <testcase classname="test/auth/MFAStrategy.test.ts" name="MFAStrategy Tests &gt; Default MFAStrategyOptions &gt; updateCredentialCounter throws if the consumer forgot to override it." time="0.0003432">
        </testcase>
        <testcase classname="test/auth/MFAStrategy.test.ts" name="MFAStrategy Tests &gt; Default MFAStrategyOptions &gt; getMethod throws if the consumer forgot to override it." time="0.0003267">
        </testcase>
        <testcase classname="test/auth/MFAStrategy.test.ts" name="MFAStrategy Tests &gt; Default MFAStrategyOptions &gt; getMethods throws if the consumer forgot to override it." time="0.0002999">
        </testcase>
        <testcase classname="test/auth/MFAStrategy.test.ts" name="MFAStrategy Tests &gt; Default MFAStrategyOptions &gt; getUser throws if the consumer forgot to override it." time="0.0002771">
        </testcase>
        <testcase classname="test/auth/MFAStrategy.test.ts" name="MFAStrategy Tests &gt; Default MFAStrategyOptions &gt; notifyContact throws if the consumer forgot to override it." time="0.0002899">
        </testcase>
        <testcase classname="test/auth/MFAStrategy.test.ts" name="MFAStrategy Tests &gt; Default MFAStrategyOptions &gt; verify throws if the consumer forgot to override it." time="0.0002745">
        </testcase>
    </testsuite>
    <testsuite name="test/auth/OIDCStrategy.test.ts" timestamp="2026-08-23T00:11:32.998Z" hostname="Jane" tests="58" failures="0" errors="0" skipped="0" time="0.0421887">
        <testcase classname="test/auth/OIDCStrategy.test.ts" name="OIDCStrategy Tests &gt; constructor &gt; Uses options.name for the strategy name." time="0.0015601">
        </testcase>
        <testcase classname="test/auth/OIDCStrategy.test.ts" name="OIDCStrategy Tests &gt; constructor &gt; Falls back to the default &apos;oauth&apos; name when options.name is not set." time="0.0001248">
        </testcase>
        <testcase classname="test/auth/OIDCStrategy.test.ts" name="OIDCStrategy Tests &gt; authenticate — redirect phase (no code) &gt; Throws when the provider reports an error via query, with description." time="0.0015296">
        </testcase>
        <testcase classname="test/auth/OIDCStrategy.test.ts" name="OIDCStrategy Tests &gt; authenticate — redirect phase (no code) &gt; Throws when the provider reports an error via body, without a description." time="0.0012964">
        </testcase>
        <testcase classname="test/auth/OIDCStrategy.test.ts" name="OIDCStrategy Tests &gt; authenticate — redirect phase (no code) &gt; Redirects to the authorization URL and returns undefined." time="0.0018537">
        </testcase>
        <testcase classname="test/auth/OIDCStrategy.test.ts" name="OIDCStrategy Tests &gt; authenticate — redirect phase (no code) &gt; Throws if req.session is missing." time="0.0002381">
        </testcase>
        <testcase classname="test/auth/OIDCStrategy.test.ts" name="OIDCStrategy Tests &gt; authenticate — redirect phase (no code) &gt; Rejects a redirect_uri not in the allowed list." time="0.0002247">
        </testcase>
        <testcase classname="test/auth/OIDCStrategy.test.ts" name="OIDCStrategy Tests &gt; authenticate — redirect phase (no code) &gt; Accepts a redirect_uri that matches one of multiple allowed values." time="0.0001878">
        </testcase>
        <testcase classname="test/auth/OIDCStrategy.test.ts" name="OIDCStrategy Tests &gt; authenticate — redirect phase (no code) &gt; Includes the client-supplied state as app-correlation data alongside the CSRF token." time="0.0002906">
        </testcase>
        <testcase classname="test/auth/OIDCStrategy.test.ts" name="OIDCStrategy Tests &gt; authenticate — redirect phase (no code) &gt; Includes a nonce for the openid protocol but not for oauth2." time="0.0002851">
        </testcase>
        <testcase classname="test/auth/OIDCStrategy.test.ts" name="OIDCStrategy Tests &gt; authenticate — redirect phase (no code) &gt; Uses the requested scope query param over the provider&apos;s configured scope." time="0.0002708">
        </testcase>
        <testcase classname="test/auth/OIDCStrategy.test.ts" name="OIDCStrategy Tests &gt; authenticate — redirect phase (no code) &gt; Falls back to the provider&apos;s configured scope when none is requested." time="0.0002428">
        </testcase>
        <testcase classname="test/auth/OIDCStrategy.test.ts" name="OIDCStrategy Tests &gt; authenticate — redirect phase (no code) &gt; PKCE &gt; Rejects an invalid code_challenge_method." time="0.0002883">
        </testcase>
        <testcase classname="test/auth/OIDCStrategy.test.ts" name="OIDCStrategy Tests &gt; authenticate — redirect phase (no code) &gt; PKCE &gt; Accepts a client-requested method that does not conflict with any provider requirement." time="0.0002379">
        </testcase>
        <testcase classname="test/auth/OIDCStrategy.test.ts" name="OIDCStrategy Tests &gt; authenticate — redirect phase (no code) &gt; PKCE &gt; Rejects a client method that conflicts with a provider-mandated method." time="0.0002319">
        </testcase>
        <testcase classname="test/auth/OIDCStrategy.test.ts" name="OIDCStrategy Tests &gt; authenticate — redirect phase (no code) &gt; PKCE &gt; Rejects a code_verifier that does not meet RFC 7636 requirements." time="0.0002356">
        </testcase>
        <testcase classname="test/auth/OIDCStrategy.test.ts" name="OIDCStrategy Tests &gt; authenticate — redirect phase (no code) &gt; PKCE &gt; Uses a client-supplied code_verifier and computes the S256 code_challenge." time="0.000465">
        </testcase>
        <testcase classname="test/auth/OIDCStrategy.test.ts" name="OIDCStrategy Tests &gt; authenticate — redirect phase (no code) &gt; PKCE &gt; Uses the plain code_challenge (equal to the verifier) for the plain method." time="0.0002296">
        </testcase>
        <testcase classname="test/auth/OIDCStrategy.test.ts" name="OIDCStrategy Tests &gt; authenticate — redirect phase (no code) &gt; PKCE &gt; Uses an explicit code_challenge query param over computing one." time="0.0001686">
        </testcase>
        <testcase classname="test/auth/OIDCStrategy.test.ts" name="OIDCStrategy Tests &gt; authenticate — redirect phase (no code) &gt; PKCE &gt; Generates a random verifier when the client does not supply one." time="0.0002274">
        </testcase>
        <testcase classname="test/auth/OIDCStrategy.test.ts" name="OIDCStrategy Tests &gt; authenticate — callback phase (code present) &gt; Throws if req.session is missing." time="0.0001984">
        </testcase>
        <testcase classname="test/auth/OIDCStrategy.test.ts" name="OIDCStrategy Tests &gt; authenticate — callback phase (code present) &gt; Throws on a missing/mismatched CSRF state." time="0.0002519">
        </testcase>
        <testcase classname="test/auth/OIDCStrategy.test.ts" name="OIDCStrategy Tests &gt; authenticate — callback phase (code present) &gt; Throws cleanly when req.session exists but session.state was never set." time="0.0002193">
        </testcase>
        <testcase classname="test/auth/OIDCStrategy.test.ts" name="OIDCStrategy Tests &gt; authenticate — callback phase (code present) &gt; Throws cleanly (not a raw/unhandled error) on a same-length but incorrect CSRF state." time="0.0002479">
        </testcase>
        <testcase classname="test/auth/OIDCStrategy.test.ts" name="OIDCStrategy Tests &gt; authenticate — callback phase (code present) &gt; Throws when no state is supplied at all." time="0.0002152">
        </testcase>
        <testcase classname="test/auth/OIDCStrategy.test.ts" name="OIDCStrategy Tests &gt; authenticate — callback phase (code present) &gt; Exchanges the code, retrieves the profile, resolves the user, and clears one-shot session state." time="0.0012374">
        </testcase>
        <testcase classname="test/auth/OIDCStrategy.test.ts" name="OIDCStrategy Tests &gt; authenticate — callback phase (code present) &gt; Accepts the code and state via the request body instead of the query." time="0.0002334">
        </testcase>
        <testcase classname="test/auth/OIDCStrategy.test.ts" name="OIDCStrategy Tests &gt; authenticateSync &gt; Throws &apos;Not supported&apos; as a 500 (a wiring gap, not an auth failure)." time="0.0006433">
        </testcase>
        <testcase classname="test/auth/OIDCStrategy.test.ts" name="OIDCStrategy Tests &gt; exchangeOIDCCode (via authenticate callback phase) &gt; Throws when the code is missing entirely." time="0.0001846">
        </testcase>
        <testcase classname="test/auth/OIDCStrategy.test.ts" name="OIDCStrategy Tests &gt; exchangeOIDCCode (via authenticate callback phase) &gt; Sends a Basic auth header when the provider has a clientSecret." time="0.0002566">
        </testcase>
        <testcase classname="test/auth/OIDCStrategy.test.ts" name="OIDCStrategy Tests &gt; exchangeOIDCCode (via authenticate callback phase) &gt; Sends client_id in the body instead of a Basic header when there is no clientSecret." time="0.0002093">
        </testcase>
        <testcase classname="test/auth/OIDCStrategy.test.ts" name="OIDCStrategy Tests &gt; exchangeOIDCCode (via authenticate callback phase) &gt; Includes the PKCE code_verifier from the request body when provided." time="0.0001912">
        </testcase>
        <testcase classname="test/auth/OIDCStrategy.test.ts" name="OIDCStrategy Tests &gt; exchangeOIDCCode (via authenticate callback phase) &gt; Throws when the token exchange responds with a non-200 status." time="0.000225">
        </testcase>
        <testcase classname="test/auth/OIDCStrategy.test.ts" name="OIDCStrategy Tests &gt; exchangeOIDCCode (via authenticate callback phase) &gt; Throws when the token exchange responds with no data." time="0.0002436">
        </testcase>
        <testcase classname="test/auth/OIDCStrategy.test.ts" name="OIDCStrategy Tests &gt; exchangeOIDCCode (via authenticate callback phase) &gt; Parses a string response body as JSON." time="0.0002736">
        </testcase>
        <testcase classname="test/auth/OIDCStrategy.test.ts" name="OIDCStrategy Tests &gt; exchangeOIDCCode (via authenticate callback phase) &gt; Propagates the provider&apos;s error response body when the request rejects." time="0.0002668">
        </testcase>
        <testcase classname="test/auth/OIDCStrategy.test.ts" name="OIDCStrategy Tests &gt; exchangeOIDCCode (via authenticate callback phase) &gt; Wraps a bare network error with a generic message when there is no response body." time="0.0002584">
        </testcase>
        <testcase classname="test/auth/OIDCStrategy.test.ts" name="OIDCStrategy Tests &gt; exchangeOIDCCode (via authenticate callback phase) &gt; Wraps a rejection with no .message at all, defaulting to an empty string." time="0.0002124">
        </testcase>
        <testcase classname="test/auth/OIDCStrategy.test.ts" name="OIDCStrategy Tests &gt; exchangeOIDCCode (via authenticate callback phase) &gt; Resolves the redirect_uri fallback from the first entry of an allowed-list array." time="0.0001892">
        </testcase>
        <testcase classname="test/auth/OIDCStrategy.test.ts" name="OIDCStrategy Tests &gt; exchangeOIDCCode (via authenticate callback phase) &gt; Falls back to the code_verifier from the query string when the body has none." time="0.000177">
        </testcase>
        <testcase classname="test/auth/OIDCStrategy.test.ts" name="OIDCStrategy Tests &gt; exchangeOIDCCode (via authenticate callback phase) &gt; Falls back to the code_verifier stashed in the session when neither body nor query has one." time="0.0002143">
        </testcase>
        <testcase classname="test/auth/OIDCStrategy.test.ts" name="OIDCStrategy Tests &gt; retrieveUserProfile (via authenticate callback phase) &gt; Returns undefined (and skips getUser&apos;s profile arg) when there&apos;s no id_token and no profileURL." time="0.0001824">
        </testcase>
        <testcase classname="test/auth/OIDCStrategy.test.ts" name="OIDCStrategy Tests &gt; retrieveUserProfile (via authenticate callback phase) &gt; Verifies and decodes the id_token for the openid protocol." time="0.0020576">
        </testcase>
        <testcase classname="test/auth/OIDCStrategy.test.ts" name="OIDCStrategy Tests &gt; retrieveUserProfile (via authenticate callback phase) &gt; Throws when jwksURI/issuer are missing for the openid protocol." time="0.0002533">
        </testcase>
        <testcase classname="test/auth/OIDCStrategy.test.ts" name="OIDCStrategy Tests &gt; retrieveUserProfile (via authenticate callback phase) &gt; Throws when the id_token cannot be decoded." time="0.0002358">
        </testcase>
        <testcase classname="test/auth/OIDCStrategy.test.ts" name="OIDCStrategy Tests &gt; retrieveUserProfile (via authenticate callback phase) &gt; Throws when the id_token&apos;s nonce does not match the session." time="0.0002922">
        </testcase>
        <testcase classname="test/auth/OIDCStrategy.test.ts" name="OIDCStrategy Tests &gt; retrieveUserProfile (via authenticate callback phase) &gt; Throws when the session has no nonce to validate against." time="0.0002986">
        </testcase>
        <testcase classname="test/auth/OIDCStrategy.test.ts" name="OIDCStrategy Tests &gt; retrieveUserProfile (via authenticate callback phase) &gt; Fetches the profile from profileURL when there is no id_token." time="0.0004537">
        </testcase>
        <testcase classname="test/auth/OIDCStrategy.test.ts" name="OIDCStrategy Tests &gt; retrieveUserProfile (via authenticate callback phase) &gt; Parses a string profile response body as JSON." time="0.0002691">
        </testcase>
        <testcase classname="test/auth/OIDCStrategy.test.ts" name="OIDCStrategy Tests &gt; retrieveUserProfile (via authenticate callback phase) &gt; Throws when the profile request responds with a non-200 status." time="0.0002751">
        </testcase>
        <testcase classname="test/auth/OIDCStrategy.test.ts" name="OIDCStrategy Tests &gt; retrieveUserProfile (via authenticate callback phase) &gt; Propagates the provider&apos;s error response body when the profile request rejects." time="0.0002515">
        </testcase>
        <testcase classname="test/auth/OIDCStrategy.test.ts" name="OIDCStrategy Tests &gt; retrieveUserProfile (via authenticate callback phase) &gt; Wraps a bare network error from the profile request with a generic message." time="0.0002854">
        </testcase>
        <testcase classname="test/auth/OIDCStrategy.test.ts" name="OIDCStrategy Tests &gt; retrieveUserProfile (via authenticate callback phase) &gt; Wraps a profile-request rejection with no .message at all, defaulting to an empty string." time="0.0002678">
        </testcase>
        <testcase classname="test/auth/OIDCStrategy.test.ts" name="OIDCStrategy Tests &gt; convertProfile mapping &gt; Supports nested array entries in the profile map." time="0.0003019">
        </testcase>
        <testcase classname="test/auth/OIDCStrategy.test.ts" name="OIDCStrategy Tests &gt; convertProfile mapping &gt; Supports nested object entries in the profile map." time="0.0004199">
        </testcase>
        <testcase classname="test/auth/OIDCStrategy.test.ts" name="OIDCStrategy Tests &gt; convertProfile mapping &gt; Throws a descriptive error when a mapped expression fails to evaluate." time="0.0004931">
        </testcase>
        <testcase classname="test/auth/OIDCStrategy.test.ts" name="OIDCStrategy Tests &gt; importOptionalDependency &gt; Throws a helpful install-hint error when the optional &apos;jwks-rsa&apos; peer dependency is missing." time="0.0172542">
        </testcase>
        <testcase classname="test/auth/OIDCStrategy.test.ts" name="OIDCStrategy Tests &gt; Default OIDCStrategyOptions &gt; getUser throws if the consumer forgot to override it." time="0.0005105">
        </testcase>
    </testsuite>
    <testsuite name="test/auth/OTPStrategy.test.ts" timestamp="2026-08-23T00:11:33.004Z" hostname="Jane" tests="22" failures="0" errors="0" skipped="0" time="0.0160617">
        <testcase classname="test/auth/OTPStrategy.test.ts" name="OTPStrategy Tests &gt; authenticateSync throws &apos;Not supported&apos;." time="0.0024583">
        </testcase>
        <testcase classname="test/auth/OTPStrategy.test.ts" name="OTPStrategy Tests &gt; Dispatch &gt; Throws when nothing matches and auth is required." time="0.0009244">
        </testcase>
        <testcase classname="test/auth/OTPStrategy.test.ts" name="OTPStrategy Tests &gt; Dispatch &gt; Returns undefined when nothing matches and auth is not required." time="0.0002279">
        </testcase>
        <testcase classname="test/auth/OTPStrategy.test.ts" name="OTPStrategy Tests &gt; Dispatch &gt; Ignores discovery when allowDiscovery is not enabled." time="0.0004234">
        </testcase>
        <testcase classname="test/auth/OTPStrategy.test.ts" name="OTPStrategy Tests &gt; discovery &gt; Returns obfuscated contacts for the given id." time="0.0015606">
        </testcase>
        <testcase classname="test/auth/OTPStrategy.test.ts" name="OTPStrategy Tests &gt; discovery &gt; Passes undefined when no id query param is given." time="0.0002966">
        </testcase>
        <testcase classname="test/auth/OTPStrategy.test.ts" name="OTPStrategy Tests &gt; discovery &gt; Defaults to an empty list when getContacts() resolves nullish." time="0.0002068">
        </testcase>
        <testcase classname="test/auth/OTPStrategy.test.ts" name="OTPStrategy Tests &gt; discovery &gt; Invokes checkRateLimit with the queried id before listing contacts." time="0.0002144">
        </testcase>
        <testcase classname="test/auth/OTPStrategy.test.ts" name="OTPStrategy Tests &gt; discovery &gt; Still invokes checkRateLimit (on a fixed bucket) when no id query param is given." time="0.0008039">
        </testcase>
        <testcase classname="test/auth/OTPStrategy.test.ts" name="OTPStrategy Tests &gt; discovery &gt; Aborts before listing contacts when checkRateLimit throws." time="0.0004913">
        </testcase>
        <testcase classname="test/auth/OTPStrategy.test.ts" name="OTPStrategy Tests &gt; challenge (phase 2) &gt; Throws if req.session is missing." time="0.0006741">
        </testcase>
        <testcase classname="test/auth/OTPStrategy.test.ts" name="OTPStrategy Tests &gt; challenge (phase 2) &gt; Commits the exact same response as a real contact when the contact id is unknown, without sending a notification." time="0.0002648">
        </testcase>
        <testcase classname="test/auth/OTPStrategy.test.ts" name="OTPStrategy Tests &gt; challenge (phase 2) &gt; Generates and sends a token, then completes the response." time="0.001914">
        </testcase>
        <testcase classname="test/auth/OTPStrategy.test.ts" name="OTPStrategy Tests &gt; challenge (phase 2) &gt; Invokes checkRateLimit before generating/sending a new OTP." time="0.0004882">
        </testcase>
        <testcase classname="test/auth/OTPStrategy.test.ts" name="OTPStrategy Tests &gt; challenge (phase 2) &gt; Aborts before sending a new OTP when checkRateLimit throws." time="0.0004869">
        </testcase>
        <testcase classname="test/auth/OTPStrategy.test.ts" name="OTPStrategy Tests &gt; verify (phase 3) &gt; Authenticates when the OTP token is valid." time="0.0011078">
        </testcase>
        <testcase classname="test/auth/OTPStrategy.test.ts" name="OTPStrategy Tests &gt; verify (phase 3) &gt; Falls through to the required check when the OTP token is invalid." time="0.0007076">
        </testcase>
        <testcase classname="test/auth/OTPStrategy.test.ts" name="OTPStrategy Tests &gt; verify (phase 3) &gt; Aborts before verifying the token when checkRateLimit throws." time="0.0004166">
        </testcase>
        <testcase classname="test/auth/OTPStrategy.test.ts" name="OTPStrategy Tests &gt; Default OTPStrategyOptions &gt; getContact throws if the consumer forgot to override it." time="0.0001906">
        </testcase>
        <testcase classname="test/auth/OTPStrategy.test.ts" name="OTPStrategy Tests &gt; Default OTPStrategyOptions &gt; getContacts throws if the consumer forgot to override it." time="0.0001924">
        </testcase>
        <testcase classname="test/auth/OTPStrategy.test.ts" name="OTPStrategy Tests &gt; Default OTPStrategyOptions &gt; getUser throws if the consumer forgot to override it." time="0.0002009">
        </testcase>
        <testcase classname="test/auth/OTPStrategy.test.ts" name="OTPStrategy Tests &gt; Default OTPStrategyOptions &gt; notifyContact throws if the consumer forgot to override it." time="0.0002122">
        </testcase>
    </testsuite>
    <testsuite name="test/auth/PasskeyStrategy.test.ts" timestamp="2026-08-23T00:11:33.007Z" hostname="Jane" tests="29" failures="0" errors="0" skipped="0" time="0.0152519">
        <testcase classname="test/auth/PasskeyStrategy.test.ts" name="PasskeyStrategy Tests &gt; Begin (phase 1) &gt; Generates options with no allowCredentials when no uid hint is given." time="0.0031188">
        </testcase>
        <testcase classname="test/auth/PasskeyStrategy.test.ts" name="PasskeyStrategy Tests &gt; Begin (phase 1) &gt; Builds allowCredentials from getCredentials when a uid hint has registered credentials." time="0.0019024">
        </testcase>
        <testcase classname="test/auth/PasskeyStrategy.test.ts" name="PasskeyStrategy Tests &gt; Begin (phase 1) &gt; Leaves allowCredentials undefined (not an empty array) when a uid hint has zero credentials." time="0.0003029">
        </testcase>
        <testcase classname="test/auth/PasskeyStrategy.test.ts" name="PasskeyStrategy Tests &gt; Begin (phase 1) &gt; Throws if req.session is missing." time="0.0011028">
        </testcase>
        <testcase classname="test/auth/PasskeyStrategy.test.ts" name="PasskeyStrategy Tests &gt; Begin (phase 1) &gt; Throws if res is missing." time="0.000298">
        </testcase>
        <testcase classname="test/auth/PasskeyStrategy.test.ts" name="PasskeyStrategy Tests &gt; Begin (phase 1) &gt; Invokes checkRateLimit with the uid hint when one is given." time="0.0002878">
        </testcase>
        <testcase classname="test/auth/PasskeyStrategy.test.ts" name="PasskeyStrategy Tests &gt; Begin (phase 1) &gt; Does not invoke checkRateLimit for the discoverable/no-hint flow." time="0.0002206">
        </testcase>
        <testcase classname="test/auth/PasskeyStrategy.test.ts" name="PasskeyStrategy Tests &gt; Begin (phase 1) &gt; Aborts before getCredentials() when checkRateLimit throws." time="0.0003258">
        </testcase>
        <testcase classname="test/auth/PasskeyStrategy.test.ts" name="PasskeyStrategy Tests &gt; Finish (phase 2) &gt; Verifies successfully, updates the counter, clears the session challenge, and returns the AuthResult." time="0.0007158">
        </testcase>
        <testcase classname="test/auth/PasskeyStrategy.test.ts" name="PasskeyStrategy Tests &gt; Finish (phase 2) &gt; Throws if req.session is missing." time="0.0006973">
        </testcase>
        <testcase classname="test/auth/PasskeyStrategy.test.ts" name="PasskeyStrategy Tests &gt; Finish (phase 2) &gt; Throws if there is no challenge stored in the session." time="0.0002278">
        </testcase>
        <testcase classname="test/auth/PasskeyStrategy.test.ts" name="PasskeyStrategy Tests &gt; Finish (phase 2) &gt; Throws on a malformed response body without calling storage or SimpleWebAuthn." time="0.0002247">
        </testcase>
        <testcase classname="test/auth/PasskeyStrategy.test.ts" name="PasskeyStrategy Tests &gt; Finish (phase 2) &gt; Invokes checkRateLimit with the credential id after shape validation succeeds." time="0.0003913">
        </testcase>
        <testcase classname="test/auth/PasskeyStrategy.test.ts" name="PasskeyStrategy Tests &gt; Finish (phase 2) &gt; Aborts before getCredentialById() when checkRateLimit throws." time="0.0002608">
        </testcase>
        <testcase classname="test/auth/PasskeyStrategy.test.ts" name="PasskeyStrategy Tests &gt; Finish (phase 2) &gt; Throws a generic failure on an unknown credential ID without calling verifyAuthenticationResponse." time="0.0002473">
        </testcase>
        <testcase classname="test/auth/PasskeyStrategy.test.ts" name="PasskeyStrategy Tests &gt; Finish (phase 2) &gt; Throws a generic failure when verification resolves verified: false, without updating the counter." time="0.0003166">
        </testcase>
        <testcase classname="test/auth/PasskeyStrategy.test.ts" name="PasskeyStrategy Tests &gt; Finish (phase 2) &gt; Clears the session challenge before verification is attempted, even on failure." time="0.0002438">
        </testcase>
        <testcase classname="test/auth/PasskeyStrategy.test.ts" name="PasskeyStrategy Tests &gt; Finish (phase 2) &gt; Rejects a non-finite stored counter as an invalid credential." time="0.0002572">
        </testcase>
        <testcase classname="test/auth/PasskeyStrategy.test.ts" name="PasskeyStrategy Tests &gt; Finish (phase 2) &gt; Propagates a thrown/rejected verifyAuthenticationResponse error without updating the counter." time="0.0002753">
        </testcase>
        <testcase classname="test/auth/PasskeyStrategy.test.ts" name="PasskeyStrategy Tests &gt; Finish (phase 2) &gt; Rejects a non-zero counter that does not exceed the stored counter (cloned authenticator), without updating." time="0.0002272">
        </testcase>
        <testcase classname="test/auth/PasskeyStrategy.test.ts" name="PasskeyStrategy Tests &gt; Finish (phase 2) &gt; Accepts a newCounter of 0 despite not exceeding the stored counter (multi-device/backed-up authenticator)." time="0.000207">
        </testcase>
        <testcase classname="test/auth/PasskeyStrategy.test.ts" name="PasskeyStrategy Tests &gt; Finish (phase 2) &gt; Returns undefined (does not throw) when verify() resolves undefined and auth is not required." time="0.0001996">
        </testcase>
        <testcase classname="test/auth/PasskeyStrategy.test.ts" name="PasskeyStrategy Tests &gt; Finish (phase 2) &gt; Throws when verify() resolves undefined and auth is required." time="0.0002518">
        </testcase>
        <testcase classname="test/auth/PasskeyStrategy.test.ts" name="PasskeyStrategy Tests &gt; authenticateSync throws &apos;Not supported&apos;." time="0.000266">
        </testcase>
        <testcase classname="test/auth/PasskeyStrategy.test.ts" name="PasskeyStrategy Tests &gt; Dispatches to verify() when the body has a response but no id." time="0.0002085">
        </testcase>
        <testcase classname="test/auth/PasskeyStrategy.test.ts" name="PasskeyStrategy Tests &gt; Default PasskeyStrategyOptions &gt; getCredentialById throws if the consumer forgot to override it." time="0.0002086">
        </testcase>
        <testcase classname="test/auth/PasskeyStrategy.test.ts" name="PasskeyStrategy Tests &gt; Default PasskeyStrategyOptions &gt; getCredentials throws if the consumer forgot to override it." time="0.0001872">
        </testcase>
        <testcase classname="test/auth/PasskeyStrategy.test.ts" name="PasskeyStrategy Tests &gt; Default PasskeyStrategyOptions &gt; updateCredentialCounter throws if the consumer forgot to override it." time="0.000183">
        </testcase>
        <testcase classname="test/auth/PasskeyStrategy.test.ts" name="PasskeyStrategy Tests &gt; Default PasskeyStrategyOptions &gt; getUser throws if the consumer forgot to override it." time="0.000491">
        </testcase>
    </testsuite>
    <testsuite name="test/auth/RateLimiter.test.ts" timestamp="2026-08-23T00:11:33.010Z" hostname="Jane" tests="29" failures="0" errors="0" skipped="0" time="0.0206135">
        <testcase classname="test/auth/RateLimiter.test.ts" name="RateLimiter Tests &gt; events &gt; Records an auth.ratelimit.exceeded event for the identifier-keyed layer." time="0.0042245">
        </testcase>
        <testcase classname="test/auth/RateLimiter.test.ts" name="RateLimiter Tests &gt; events &gt; Records an auth.ratelimit.exceeded event for the IP-keyed layer." time="0.0005911">
        </testcase>
        <testcase classname="test/auth/RateLimiter.test.ts" name="RateLimiter Tests &gt; events &gt; Still throws the 429 even when EventUtils.record() itself rejects." time="0.0002907">
        </testcase>
        <testcase classname="test/auth/RateLimiter.test.ts" name="RateLimiter Tests &gt; events &gt; Only records the event once, on the request that crosses the threshold - not on every retry after." time="0.0006782">
        </testcase>
        <testcase classname="test/auth/RateLimiter.test.ts" name="RateLimiter Tests &gt; in-memory fallback (no `cache` connection configured) &gt; Uses sensible defaults (enabled, maxAttempts: 5, windowSeconds: 300)." time="0.0011637">
            <system-err>
Failed to send telemetry event. Error: EventUtils has not been initialized. Did you call EventUtils.init()?

            </system-err>
        </testcase>
        <testcase classname="test/auth/RateLimiter.test.ts" name="RateLimiter Tests &gt; in-memory fallback (no `cache` connection configured) &gt; Throws an ApiError with status 429 once the threshold is exceeded." time="0.0007494">
            <system-err>
Failed to send telemetry event. Error: EventUtils has not been initialized. Did you call EventUtils.init()?

            </system-err>
        </testcase>
        <testcase classname="test/auth/RateLimiter.test.ts" name="RateLimiter Tests &gt; in-memory fallback (no `cache` connection configured) &gt; Tracks separate identifiers independently." time="0.0002795">
            <system-err>
Failed to send telemetry event. Error: EventUtils has not been initialized. Did you call EventUtils.init()?

            </system-err>
        </testcase>
        <testcase classname="test/auth/RateLimiter.test.ts" name="RateLimiter Tests &gt; in-memory fallback (no `cache` connection configured) &gt; Resets the count once the window has elapsed." time="0.0016899">
            <system-err>
Failed to send telemetry event. Error: EventUtils has not been initialized. Did you call EventUtils.init()?

            </system-err>
        </testcase>
        <testcase classname="test/auth/RateLimiter.test.ts" name="RateLimiter Tests &gt; in-memory fallback (no `cache` connection configured) &gt; Does not push the reset time forward when attempts continue after the limit is hit." time="0.0004855">
            <system-err>
Failed to send telemetry event. Error: EventUtils has not been initialized. Did you call EventUtils.init()?

            </system-err>
        </testcase>
        <testcase classname="test/auth/RateLimiter.test.ts" name="RateLimiter Tests &gt; in-memory fallback (no `cache` connection configured) &gt; Falls back to default maxAttempts/windowSeconds when a partial config is provided." time="0.0003823">
            <system-err>
Failed to send telemetry event. Error: EventUtils has not been initialized. Did you call EventUtils.init()?

            </system-err>
        </testcase>
        <testcase classname="test/auth/RateLimiter.test.ts" name="RateLimiter Tests &gt; in-memory fallback (no `cache` connection configured) &gt; Is a no-op when rate limiting is disabled." time="0.0002803">
        </testcase>
        <testcase classname="test/auth/RateLimiter.test.ts" name="RateLimiter Tests &gt; in-memory fallback (no `cache` connection configured) &gt; Treats identifiers as case-insensitive so varying case can&apos;t be used to dodge the limit." time="0.0002943">
            <system-err>
Failed to send telemetry event. Error: EventUtils has not been initialized. Did you call EventUtils.init()?

            </system-err>
        </testcase>
        <testcase classname="test/auth/RateLimiter.test.ts" name="RateLimiter Tests &gt; in-memory fallback (no `cache` connection configured) &gt; Does not let concurrent requests for the same identifier exceed maxAttempts." time="0.0005545">
            <system-err>
Failed to send telemetry event. Error: EventUtils has not been initialized. Did you call EventUtils.init()?

            </system-err>
        </testcase>
        <testcase classname="test/auth/RateLimiter.test.ts" name="RateLimiter Tests &gt; per-IP throttling &gt; Also enforces an independent per-IP limit when req is provided." time="0.0002675">
            <system-err>
Failed to send telemetry event. Error: EventUtils has not been initialized. Did you call EventUtils.init()?

            </system-err>
        </testcase>
        <testcase classname="test/auth/RateLimiter.test.ts" name="RateLimiter Tests &gt; per-IP throttling &gt; Does not check the per-IP limit when no req is supplied." time="0.0001978">
        </testcase>
        <testcase classname="test/auth/RateLimiter.test.ts" name="RateLimiter Tests &gt; per-IP throttling &gt; Skips the per-IP check when explicitly disabled via config." time="0.0002218">
        </testcase>
        <testcase classname="test/auth/RateLimiter.test.ts" name="RateLimiter Tests &gt; per-IP throttling &gt; Tracks separate source IPs independently." time="0.0002731">
            <system-err>
Failed to send telemetry event. Error: EventUtils has not been initialized. Did you call EventUtils.init()?

            </system-err>
        </testcase>
        <testcase classname="test/auth/RateLimiter.test.ts" name="RateLimiter Tests &gt; per-IP throttling &gt; Falls back to default per-IP maxAttempts (100)/windowSeconds (300) when unconfigured." time="0.0020837">
            <system-err>
Failed to send telemetry event. Error: EventUtils has not been initialized. Did you call EventUtils.init()?

            </system-err>
        </testcase>
        <testcase classname="test/auth/RateLimiter.test.ts" name="RateLimiter Tests &gt; per-IP throttling &gt; Does not check the per-IP limit when the request&apos;s address can&apos;t be resolved." time="0.0004518">
        </testcase>
        <testcase classname="test/auth/RateLimiter.test.ts" name="RateLimiter Tests &gt; per-IP throttling &gt; trustedProxies &gt; Ignores X-Forwarded-For (keys on the raw socket address) when trustedProxies is unset." time="0.0002627">
            <system-err>
Failed to send telemetry event. Error: EventUtils has not been initialized. Did you call EventUtils.init()?

            </system-err>
        </testcase>
        <testcase classname="test/auth/RateLimiter.test.ts" name="RateLimiter Tests &gt; per-IP throttling &gt; trustedProxies &gt; Keys on X-Forwarded-For once the direct socket address is a configured trusted proxy." time="0.0003109">
            <system-err>
Failed to send telemetry event. Error: EventUtils has not been initialized. Did you call EventUtils.init()?

            </system-err>
        </testcase>
        <testcase classname="test/auth/RateLimiter.test.ts" name="RateLimiter Tests &gt; Redis-backed (`cache` connection configured) &gt; Uses the Redis client&apos;s atomic INCREX instead of the in-memory fallback when a `cache` connection is present." time="0.0003358">
        </testcase>
        <testcase classname="test/auth/RateLimiter.test.ts" name="RateLimiter Tests &gt; Redis-backed (`cache` connection configured) &gt; Passes ENX so the Redis-backed window is anchored to the first attempt, not refreshed on every call." time="0.0010535">
        </testcase>
        <testcase classname="test/auth/RateLimiter.test.ts" name="RateLimiter Tests &gt; Redis-backed (`cache` connection configured) &gt; Does not push the reset time forward when attempts continue after the limit is hit." time="0.0004777">
            <system-err>
Failed to send telemetry event. Error: EventUtils has not been initialized. Did you call EventUtils.init()?

            </system-err>
        </testcase>
        <testcase classname="test/auth/RateLimiter.test.ts" name="RateLimiter Tests &gt; Redis-backed (`cache` connection configured) &gt; Throws an ApiError with status 429 once the threshold is exceeded." time="0.0002883">
            <system-err>
Failed to send telemetry event. Error: EventUtils has not been initialized. Did you call EventUtils.init()?

            </system-err>
        </testcase>
        <testcase classname="test/auth/RateLimiter.test.ts" name="RateLimiter Tests &gt; Redis-backed (`cache` connection configured) &gt; Tracks separate identifiers independently." time="0.0002956">
            <system-err>
Failed to send telemetry event. Error: EventUtils has not been initialized. Did you call EventUtils.init()?

            </system-err>
        </testcase>
        <testcase classname="test/auth/RateLimiter.test.ts" name="RateLimiter Tests &gt; Redis-backed (`cache` connection configured) &gt; Is a no-op when rate limiting is disabled, and never calls Redis." time="0.000395">
        </testcase>
        <testcase classname="test/auth/RateLimiter.test.ts" name="RateLimiter Tests &gt; Redis-backed (`cache` connection configured) &gt; Treats identifiers as case-insensitive so varying case can&apos;t be used to dodge the limit." time="0.0002946">
            <system-err>
Failed to send telemetry event. Error: EventUtils has not been initialized. Did you call EventUtils.init()?

            </system-err>
        </testcase>
        <testcase classname="test/auth/RateLimiter.test.ts" name="RateLimiter Tests &gt; Redis-backed (`cache` connection configured) &gt; Does not let concurrent requests for the same identifier exceed maxAttempts (globally atomic)." time="0.000388">
            <system-err>
Failed to send telemetry event. Error: EventUtils has not been initialized. Did you call EventUtils.init()?

            </system-err>
        </testcase>
    </testsuite>
    <testsuite name="test/auth/shared.test.ts" timestamp="2026-08-23T00:11:33.015Z" hostname="Jane" tests="104" failures="0" errors="0" skipped="0" time="0.1854331">
        <testcase classname="test/auth/shared.test.ts" name="getBasicData &gt; Returns undefined when the header key is not present." time="0.0015522">
        </testcase>
        <testcase classname="test/auth/shared.test.ts" name="getBasicData &gt; Returns undefined when the header key is present but its value is nullish." time="0.0001474">
        </testcase>
        <testcase classname="test/auth/shared.test.ts" name="getBasicData &gt; Parses a single matching header into {id, password}." time="0.0006304">
        </testcase>
        <testcase classname="test/auth/shared.test.ts" name="getBasicData &gt; Finds the matching header among an array of header values." time="0.0001776">
        </testcase>
        <testcase classname="test/auth/shared.test.ts" name="getBasicData &gt; Skips a malformed header value (not exactly scheme + credentials)." time="0.0001001">
        </testcase>
        <testcase classname="test/auth/shared.test.ts" name="getBasicData &gt; Skips a header whose scheme does not match." time="0.0000872">
        </testcase>
        <testcase classname="test/auth/shared.test.ts" name="getBasicData &gt; Supports a custom headerKey/headerScheme." time="0.0001339">
        </testcase>
        <testcase classname="test/auth/shared.test.ts" name="getRequestData &gt; Uses the request body directly when it is an object." time="0.0002437">
        </testcase>
        <testcase classname="test/auth/shared.test.ts" name="getRequestData &gt; Parses a JSON string body." time="0.0001205">
        </testcase>
        <testcase classname="test/auth/shared.test.ts" name="getRequestData &gt; Falls back to form-data parsing when the body is a non-JSON string." time="0.0001904">
        </testcase>
        <testcase classname="test/auth/shared.test.ts" name="getRequestData &gt; URL-decodes form-data keys/values, preserving &apos;=&apos; inside a value (only the first &apos;=&apos; is a delimiter)." time="0.000142">
        </testcase>
        <testcase classname="test/auth/shared.test.ts" name="getRequestData &gt; Decodes &apos;+&apos; as a space in form-data values." time="0.0001651">
        </testcase>
        <testcase classname="test/auth/shared.test.ts" name="getRequestData &gt; Falls back to the raw value (rather than throwing) for a malformed percent-escape in form-data." time="0.0007183">
        </testcase>
        <testcase classname="test/auth/shared.test.ts" name="getRequestData &gt; Falls back to colon parsing when the non-JSON string body has no &apos;&amp;&apos;." time="0.0001367">
        </testcase>
        <testcase classname="test/auth/shared.test.ts" name="getRequestData &gt; Returns an empty payload object for a non-JSON string body with neither &apos;&amp;&apos; nor &apos;:&apos;." time="0.0001055">
        </testcase>
        <testcase classname="test/auth/shared.test.ts" name="getRequestData &gt; Reads from the header when there is no body." time="0.0001271">
        </testcase>
        <testcase classname="test/auth/shared.test.ts" name="getRequestData &gt; Finds the matching header among an array of header values." time="0.0002221">
        </testcase>
        <testcase classname="test/auth/shared.test.ts" name="getRequestData &gt; Skips a malformed header value." time="0.0000865">
        </testcase>
        <testcase classname="test/auth/shared.test.ts" name="getRequestData &gt; Finds no data when the header key is present but its value is nullish." time="0.0000781">
        </testcase>
        <testcase classname="test/auth/shared.test.ts" name="getRequestData &gt; Treats a form-data key with no &apos;=value&apos; part as undefined." time="0.0001007">
        </testcase>
        <testcase classname="test/auth/shared.test.ts" name="getRequestData &gt; Skips a header whose scheme does not match." time="0.000094">
        </testcase>
        <testcase classname="test/auth/shared.test.ts" name="getRequestData &gt; Skips the header search entirely when headerKey is an empty string." time="0.0000872">
        </testcase>
        <testcase classname="test/auth/shared.test.ts" name="getRequestData &gt; Compiles and caches the scheme regex on first use of a not-yet-seen headerScheme." time="0.0001284">
        </testcase>
        <testcase classname="test/auth/shared.test.ts" name="isOTPResponse &gt; Returns true when both id and token are present." time="0.0001017">
        </testcase>
        <testcase classname="test/auth/shared.test.ts" name="isOTPResponse &gt; Returns false when token is missing." time="0.0000745">
        </testcase>
        <testcase classname="test/auth/shared.test.ts" name="isPasskeyResponse &gt; Returns true for a well-formed assertion response." time="0.0001582">
        </testcase>
        <testcase classname="test/auth/shared.test.ts" name="isPasskeyResponse &gt; Returns false when id is not a string." time="0.0000714">
        </testcase>
        <testcase classname="test/auth/shared.test.ts" name="isPasskeyResponse &gt; Returns false when clientDataJSON is missing." time="0.0000648">
        </testcase>
        <testcase classname="test/auth/shared.test.ts" name="isPasskeyResponse &gt; Returns false when authenticatorData is missing." time="0.0000651">
        </testcase>
        <testcase classname="test/auth/shared.test.ts" name="isPasskeyResponse &gt; Returns false when signature is missing." time="0.0000899">
        </testcase>
        <testcase classname="test/auth/shared.test.ts" name="isPasskeyRegistrationResponse &gt; Returns true for a well-formed registration response." time="0.0001162">
        </testcase>
        <testcase classname="test/auth/shared.test.ts" name="isPasskeyRegistrationResponse &gt; Returns false when the response is nullish." time="0.000092">
        </testcase>
        <testcase classname="test/auth/shared.test.ts" name="isPasskeyRegistrationResponse &gt; Returns false when id is not a string." time="0.0000612">
        </testcase>
        <testcase classname="test/auth/shared.test.ts" name="isPasskeyRegistrationResponse &gt; Returns false when clientDataJSON is missing." time="0.0000649">
        </testcase>
        <testcase classname="test/auth/shared.test.ts" name="isPasskeyRegistrationResponse &gt; Returns false when attestationObject is missing." time="0.0000616">
        </testcase>
        <testcase classname="test/auth/shared.test.ts" name="obfuscateContact &gt; Obfuscates an email address." time="0.0001287">
        </testcase>
        <testcase classname="test/auth/shared.test.ts" name="obfuscateContact &gt; Obfuscates a phone number." time="0.0001045">
        </testcase>
        <testcase classname="test/auth/shared.test.ts" name="obfuscateContact &gt; Returns the contact unchanged for an unrecognized type." time="0.0000615">
        </testcase>
        <testcase classname="test/auth/shared.test.ts" name="OTP helpers &gt; generateOTP &gt; Throws if req.session is missing." time="0.0009803">
        </testcase>
        <testcase classname="test/auth/shared.test.ts" name="OTP helpers &gt; generateOTP &gt; Derives requestData from the request itself when not provided." time="0.0015141">
        </testcase>
        <testcase classname="test/auth/shared.test.ts" name="OTP helpers &gt; generateOTP &gt; Stores the generated secret/token/id in the session." time="0.0003288">
        </testcase>
        <testcase classname="test/auth/shared.test.ts" name="OTP helpers &gt; verifyOTP &gt; Throws if req.session is missing." time="0.0002636">
        </testcase>
        <testcase classname="test/auth/shared.test.ts" name="OTP helpers &gt; verifyOTP &gt; Derives payload from the request itself when not provided." time="0.0005882">
        </testcase>
        <testcase classname="test/auth/shared.test.ts" name="OTP helpers &gt; verifyOTP &gt; Throws when the payload is not a valid OTP response shape." time="0.0001653">
        </testcase>
        <testcase classname="test/auth/shared.test.ts" name="OTP helpers &gt; verifyOTP &gt; Throws when the session id does not match the payload id." time="0.0001584">
        </testcase>
        <testcase classname="test/auth/shared.test.ts" name="OTP helpers &gt; verifyOTP &gt; Returns true for a valid token." time="0.0003424">
        </testcase>
        <testcase classname="test/auth/shared.test.ts" name="OTP helpers &gt; verifyOTP &gt; Returns false for an invalid token." time="0.0002252">
        </testcase>
        <testcase classname="test/auth/shared.test.ts" name="OTP helpers &gt; verifyOTP &gt; Clears the session id/secret/token after a successful verification." time="0.0002918">
        </testcase>
        <testcase classname="test/auth/shared.test.ts" name="OTP helpers &gt; verifyOTP &gt; Clears the session id/secret/token even when verification fails." time="0.0006857">
        </testcase>
        <testcase classname="test/auth/shared.test.ts" name="OTP helpers &gt; verifyOTP &gt; Rejects replaying the same valid token a second time (single-use)." time="0.0005127">
        </testcase>
        <testcase classname="test/auth/shared.test.ts" name="Passkey helpers &gt; generatePasskeyChallenge &gt; Throws if req.session is missing." time="0.0002243">
        </testcase>
        <testcase classname="test/auth/shared.test.ts" name="Passkey helpers &gt; generatePasskeyChallenge &gt; Stores the returned challenge in the session." time="0.0008104">
        </testcase>
        <testcase classname="test/auth/shared.test.ts" name="Passkey helpers &gt; verifyPasskeyChallenge &gt; Throws when the stored counter is not finite." time="0.0003886">
        </testcase>
        <testcase classname="test/auth/shared.test.ts" name="Passkey helpers &gt; verifyPasskeyChallenge &gt; Delegates to verifyAuthenticationResponse with the expected shape." time="0.000856">
        </testcase>
        <testcase classname="test/auth/shared.test.ts" name="Passkey helpers &gt; generatePasskeyRegistrationOptions &gt; Throws if req.session is missing." time="0.0002173">
        </testcase>
        <testcase classname="test/auth/shared.test.ts" name="Passkey helpers &gt; generatePasskeyRegistrationOptions &gt; Stores the returned challenge in the session." time="0.000178">
        </testcase>
        <testcase classname="test/auth/shared.test.ts" name="Passkey helpers &gt; verifyPasskeyRegistrationResponse &gt; Delegates to verifyRegistrationResponse with the expected shape." time="0.0002156">
        </testcase>
        <testcase classname="test/auth/shared.test.ts" name="TOTP helpers &gt; generateTOTP &gt; Throws if req.session is missing." time="0.0002051">
        </testcase>
        <testcase classname="test/auth/shared.test.ts" name="TOTP helpers &gt; generateTOTP &gt; Derives requestData from the request itself when not provided." time="0.0002607">
        </testcase>
        <testcase classname="test/auth/shared.test.ts" name="TOTP helpers &gt; generateTOTP &gt; Stores the generated secret/token/id in the session." time="0.0002531">
        </testcase>
        <testcase classname="test/auth/shared.test.ts" name="TOTP helpers &gt; verifyTOTP &gt; Returns the verification result for a single valid secret." time="0.0004101">
        </testcase>
        <testcase classname="test/auth/shared.test.ts" name="TOTP helpers &gt; verifyTOTP &gt; Checks each secret in an array until one is valid." time="0.0004015">
        </testcase>
        <testcase classname="test/auth/shared.test.ts" name="TOTP helpers &gt; verifyTOTP &gt; Returns undefined when no secret validates the token." time="0.0001919">
        </testcase>
        <testcase classname="test/auth/shared.test.ts" name="TOTP helpers &gt; verifyTOTP &gt; Returns the matched secret&apos;s uid alongside the verification result." time="0.0002671">
        </testcase>
        <testcase classname="test/auth/shared.test.ts" name="TOTP helpers &gt; verifyTOTP &gt; Rejects a token whose time step is at or before the secret&apos;s lastTimeStep (replay protection)." time="0.0002944">
        </testcase>
        <testcase classname="test/auth/shared.test.ts" name="TOTP helpers &gt; verifyTOTP &gt; Still accepts a token generated at a time step after lastTimeStep." time="0.0003245">
        </testcase>
        <testcase classname="test/auth/shared.test.ts" name="TOTP helpers &gt; verifyTOTP &gt; Fails cleanly (rather than throwing) for a malformed token, e.g. wrong length or non-numeric." time="0.0003818">
        </testcase>
        <testcase classname="test/auth/shared.test.ts" name="TOTP helpers &gt; verifyTOTP &gt; Validates token length against the secret&apos;s own digits override, not the otplib default." time="0.000617">
        </testcase>
        <testcase classname="test/auth/shared.test.ts" name="TOTP helpers &gt; verifyTOTP &gt; Decrypts an encrypted secret before verifying, given the matching encryption key." time="0.0007227">
        </testcase>
        <testcase classname="test/auth/shared.test.ts" name="TOTP helpers &gt; verifyTOTP &gt; Still verifies a plaintext secret unchanged even when an encryption key is configured." time="0.0002754">
        </testcase>
        <testcase classname="test/auth/shared.test.ts" name="TOTP helpers &gt; verifyTOTP &gt; Does not throw (treats as a non-match) when a single candidate is encrypted but no encryption key is provided." time="0.0001964">
        </testcase>
        <testcase classname="test/auth/shared.test.ts" name="TOTP helpers &gt; verifyTOTP &gt; Falls through to a later candidate when an earlier one can&apos;t be decrypted under the current key." time="0.0003504">
        </testcase>
        <testcase classname="test/auth/shared.test.ts" name="TOTP helpers &gt; verifyTOTP &gt; Falls through to a later candidate when an earlier one was encrypted under a different key." time="0.0004275">
        </testcase>
        <testcase classname="test/auth/shared.test.ts" name="TOTP helpers &gt; isValidTOTPSecret &gt; Returns false for a non-string value." time="0.0001069">
        </testcase>
        <testcase classname="test/auth/shared.test.ts" name="TOTP helpers &gt; isValidTOTPSecret &gt; Returns false for an empty string." time="0.0000806">
        </testcase>
        <testcase classname="test/auth/shared.test.ts" name="TOTP helpers &gt; isValidTOTPSecret &gt; Returns false for a string that isn&apos;t valid Base32." time="0.0001146">
        </testcase>
        <testcase classname="test/auth/shared.test.ts" name="TOTP helpers &gt; isValidTOTPSecret &gt; Returns false for a Base32 string decoding to fewer than 128 bits." time="0.0000906">
        </testcase>
        <testcase classname="test/auth/shared.test.ts" name="TOTP helpers &gt; isValidTOTPSecret &gt; Returns true for a Base32 string decoding to at least 128 bits." time="0.0001325">
        </testcase>
        <testcase classname="test/auth/shared.test.ts" name="TOTP helpers &gt; generateTOTPURI &gt; Uses the issuer config defaults when the secret has no per-secret overrides." time="0.0003406">
        </testcase>
        <testcase classname="test/auth/shared.test.ts" name="TOTP helpers &gt; generateTOTPURI &gt; Prefers the secret&apos;s own algorithm/digits/period over the issuer config&apos;s." time="0.0001543">
        </testcase>
        <testcase classname="test/auth/shared.test.ts" name="verifyDummyPassword &gt; Resolves without throwing regardless of the input, since the hash is never a real credential." time="0.0612481">
        </testcase>
        <testcase classname="test/auth/shared.test.ts" name="verifyDummyPassword &gt; DUMMY_ARGON2_HASH is a real, valid Argon2id hash (not a placeholder string)." time="0.036941">
        </testcase>
        <testcase classname="test/auth/shared.test.ts" name="verifyDummyTOTP &gt; Resolves without throwing regardless of the input, since the secret is never a real credential." time="0.0006187">
        </testcase>
        <testcase classname="test/auth/shared.test.ts" name="verifyDummyTOTP &gt; DUMMY_TOTP_SECRET is a real, valid Base32 TOTP secret (not a placeholder string)." time="0.0001448">
        </testcase>
        <testcase classname="test/auth/shared.test.ts" name="encryptTOTPSecret / decryptTOTPSecret &gt; encryptTOTPSecret &gt; Returns the secret unchanged (plaintext passthrough) when no key is given." time="0.0001436">
        </testcase>
        <testcase classname="test/auth/shared.test.ts" name="encryptTOTPSecret / decryptTOTPSecret &gt; encryptTOTPSecret &gt; Returns an `enc:v1:`-prefixed value distinct from the plaintext when a key is given." time="0.0003508">
        </testcase>
        <testcase classname="test/auth/shared.test.ts" name="encryptTOTPSecret / decryptTOTPSecret &gt; encryptTOTPSecret &gt; Produces a different ciphertext each call (fresh random IV), even for the same secret/key." time="0.0002263">
        </testcase>
        <testcase classname="test/auth/shared.test.ts" name="encryptTOTPSecret / decryptTOTPSecret &gt; encryptTOTPSecret &gt; Throws an ApiError when the key is not a valid 64-character hex string." time="0.0002295">
        </testcase>
        <testcase classname="test/auth/shared.test.ts" name="encryptTOTPSecret / decryptTOTPSecret &gt; decryptTOTPSecret &gt; Returns the value unchanged when it lacks the `enc:v1:` prefix (legacy plaintext passthrough)." time="0.000132">
        </testcase>
        <testcase classname="test/auth/shared.test.ts" name="encryptTOTPSecret / decryptTOTPSecret &gt; decryptTOTPSecret &gt; Round-trips: decrypting an encrypted secret with the same key recovers the original plaintext." time="0.0001438">
        </testcase>
        <testcase classname="test/auth/shared.test.ts" name="encryptTOTPSecret / decryptTOTPSecret &gt; decryptTOTPSecret &gt; Throws an ApiError when the value is encrypted but no key is provided." time="0.0002863">
        </testcase>
        <testcase classname="test/auth/shared.test.ts" name="encryptTOTPSecret / decryptTOTPSecret &gt; decryptTOTPSecret &gt; Throws an ApiError when the key is not a valid 64-character hex string." time="0.0002019">
        </testcase>
        <testcase classname="test/auth/shared.test.ts" name="encryptTOTPSecret / decryptTOTPSecret &gt; decryptTOTPSecret &gt; Throws when decrypting with the wrong key (auth tag mismatch, not silently wrong plaintext)." time="0.000196">
        </testcase>
[...]
        <testcase classname="test/routes/sql/SecretRoute.test.ts" name="Route:SecretSQL Tests &gt; Can make delete request (with admin token)." time="0.0455618">
        </testcase>
        <testcase classname="test/routes/sql/SecretRoute.test.ts" name="Route:SecretSQL Tests &gt; Can make findAll request (with admin token)." time="0.1819474">
        </testcase>
        <testcase classname="test/routes/sql/SecretRoute.test.ts" name="Route:SecretSQL Tests &gt; Can make findById request (with admin token)." time="0.0464453">
        </testcase>
        <testcase classname="test/routes/sql/SecretRoute.test.ts" name="Route:SecretSQL Tests &gt; Can retrieve only their own secrets via findAll, with data stripped (with user token)." time="0.1896075">
        </testcase>
        <testcase classname="test/routes/sql/SecretRoute.test.ts" name="Route:SecretSQL Tests &gt; Can retrieve their own secret by id, with data stripped (with user token)." time="0.0395789">
        </testcase>
        <testcase classname="test/routes/sql/SecretRoute.test.ts" name="Route:SecretSQL Tests &gt; Cannot retrieve another user&apos;s secret by id (with user token)." time="0.0410596">
            <system-out>
[DerivedLogger.emit] 2026-08-23T00:09:28.072Z [34mdebug[39m: undefined

            </system-out>
        </testcase>
        <testcase classname="test/routes/sql/SecretRoute.test.ts" name="Route:SecretSQL Tests &gt; Can make truncate request (with admin token)." time="0.1848614">
        </testcase>
        <testcase classname="test/routes/sql/SecretRoute.test.ts" name="Route:SecretSQL Tests &gt; Cannot begin passkey registration without authentication." time="0.0053411">
            <system-out>
[DerivedLogger.emit] 2026-08-23T00:09:28.265Z [34mdebug[39m: undefined

            </system-out>
        </testcase>
        <testcase classname="test/routes/sql/SecretRoute.test.ts" name="Route:SecretSQL Tests &gt; Can begin passkey registration and receive creation options (with admin token)." time="0.007925">
        </testcase>
        <testcase classname="test/routes/sql/SecretRoute.test.ts" name="Route:SecretSQL Tests &gt; Cannot create a passkey secret without a prior registration ceremony." time="0.0054197">
            <system-out>
[DerivedLogger.emit] 2026-08-23T00:09:28.278Z [34mdebug[39m: undefined

            </system-out>
        </testcase>
        <testcase classname="test/routes/sql/SecretRoute.test.ts" name="Route:SecretSQL Tests &gt; Can create a passkey secret with a valid registration response (with admin token)." time="0.0150621">
            <system-err>
Failed to send telemetry event. Error: EventUtils has not been initialized. Did you call EventUtils.init()?

            </system-err>
        </testcase>
        <testcase classname="test/routes/sql/SecretRoute.test.ts" name="Route:SecretSQL Tests &gt; Cannot register the same passkey credential twice." time="0.0192756">
            <system-out>
[DerivedLogger.emit] 2026-08-23T00:09:28.313Z [34mdebug[39m: undefined

            </system-out>
            <system-err>
Failed to send telemetry event. Error: EventUtils has not been initialized. Did you call EventUtils.init()?

            </system-err>
        </testcase>
        <testcase classname="test/routes/sql/SecretRoute.test.ts" name="Route:SecretSQL Tests &gt; Cannot begin FIDO2 registration without authentication." time="0.0113907">
            <system-out>
[DerivedLogger.emit] 2026-08-23T00:09:28.324Z [34mdebug[39m: undefined

            </system-out>
        </testcase>
        <testcase classname="test/routes/sql/SecretRoute.test.ts" name="Route:SecretSQL Tests &gt; Can begin FIDO2 registration and receive creation options (with admin token)." time="0.0053502">
        </testcase>
        <testcase classname="test/routes/sql/SecretRoute.test.ts" name="Route:SecretSQL Tests &gt; Cannot create a FIDO2 secret without a prior registration ceremony." time="0.0053892">
            <system-out>
[DerivedLogger.emit] 2026-08-23T00:09:28.335Z [34mdebug[39m: undefined

            </system-out>
        </testcase>
        <testcase classname="test/routes/sql/SecretRoute.test.ts" name="Route:SecretSQL Tests &gt; Can create a FIDO2 secret with a valid registration response (with admin token)." time="0.0124974">
            <system-err>
Failed to send telemetry event. Error: EventUtils has not been initialized. Did you call EventUtils.init()?

            </system-err>
        </testcase>
        <testcase classname="test/routes/sql/SecretRoute.test.ts" name="Route:SecretSQL Tests &gt; Cannot register the same FIDO2 credential twice." time="0.0196744">
            <system-out>
[DerivedLogger.emit] 2026-08-23T00:09:28.368Z [34mdebug[39m: undefined

            </system-out>
            <system-err>
Failed to send telemetry event. Error: EventUtils has not been initialized. Did you call EventUtils.init()?

            </system-err>
        </testcase>
        <testcase classname="test/routes/sql/SecretRoute.test.ts" name="Route:SecretSQL Tests &gt; Can create a TOTP secret with a server-generated secret (with admin token)." time="0.0169428">
            <system-err>
Failed to send telemetry event. Error: EventUtils has not been initialized. Did you call EventUtils.init()?

            </system-err>
        </testcase>
        <testcase classname="test/routes/sql/SecretRoute.test.ts" name="Route:SecretSQL Tests &gt; Can create a TOTP secret with a caller-supplied secret (with admin token)." time="0.011474">
            <system-err>
Failed to send telemetry event. Error: EventUtils has not been initialized. Did you call EventUtils.init()?

            </system-err>
        </testcase>
        <testcase classname="test/routes/sql/SecretRoute.test.ts" name="Route:SecretSQL Tests &gt; Cannot create a TOTP secret with a secret that is too short." time="0.0049881">
            <system-out>
[DerivedLogger.emit] 2026-08-23T00:09:28.401Z [34mdebug[39m: undefined

            </system-out>
        </testcase>
        <testcase classname="test/routes/sql/SecretRoute.test.ts" name="Route:SecretSQL Tests &gt; Cannot create a TOTP secret with a secret that isn&apos;t valid Base32." time="0.0044788">
            <system-out>
[DerivedLogger.emit] 2026-08-23T00:09:28.406Z [34mdebug[39m: undefined

            </system-out>
        </testcase>
        <testcase classname="test/routes/sql/SecretRoute.test.ts" name="Route:SecretSQL Tests &gt; Can create their own password secret (with user token)." time="0.0430437">
        </testcase>
        <testcase classname="test/routes/sql/SecretRoute.test.ts" name="Route:SecretSQL Tests &gt; Defaults a newly-created secret&apos;s userUid to the caller when omitted (with user token)." time="0.043845">
        </testcase>
        <testcase classname="test/routes/sql/SecretRoute.test.ts" name="Route:SecretSQL Tests &gt; Cannot create a secret on behalf of another user (with user token)." time="0.007482">
            <system-out>
[DerivedLogger.emit] 2026-08-23T00:09:28.500Z [34mdebug[39m: undefined

            </system-out>
        </testcase>
        <testcase classname="test/routes/sql/SecretRoute.test.ts" name="Route:SecretSQL Tests &gt; Can update their own secret&apos;s hint (with user token), with data stripped from the response." time="0.0437557">
        </testcase>
        <testcase classname="test/routes/sql/SecretRoute.test.ts" name="Route:SecretSQL Tests &gt; Rotates a PASSWORD secret&apos;s data, hashing the new plaintext value (with user token)." time="0.1097717">
        </testcase>
        <testcase classname="test/routes/sql/SecretRoute.test.ts" name="Route:SecretSQL Tests &gt; Regression: rotates a PASSWORD secret&apos;s data and enforces complexity even when `type` is omitted from the request body (previously fell through validateUpdate()&apos;s switch unvalidated since it keyed off obj.type instead of existing.type)." time="0.0992208">
        </testcase>
        <testcase classname="test/routes/sql/SecretRoute.test.ts" name="Route:SecretSQL Tests &gt; Rejects an updated PASSWORD secret that doesn&apos;t meet complexity requirements." time="0.0370165">
            <system-out>
[DerivedLogger.emit] 2026-08-23T00:09:28.790Z [34mdebug[39m: undefined

            </system-out>
        </testcase>
        <testcase classname="test/routes/sql/SecretRoute.test.ts" name="Route:SecretSQL Tests &gt; Cannot modify a FIDO2 secret&apos;s data, even when `type` is omitted from the request body." time="0.040454">
            <system-out>
[DerivedLogger.emit] 2026-08-23T00:09:28.830Z [34mdebug[39m: undefined

            </system-out>
        </testcase>
        <testcase classname="test/routes/sql/SecretRoute.test.ts" name="Route:SecretSQL Tests &gt; Cannot change the `type` of a secret." time="0.0505318">
            <system-out>
[DerivedLogger.emit] 2026-08-23T00:09:28.881Z [34mdebug[39m: undefined

            </system-out>
        </testcase>
        <testcase classname="test/routes/sql/SecretRoute.test.ts" name="Route:SecretSQL Tests &gt; Cannot re-assign a secret to a different owner." time="0.0396711">
            <system-out>
[DerivedLogger.emit] 2026-08-23T00:09:28.920Z [34mdebug[39m: undefined

            </system-out>
        </testcase>
        <testcase classname="test/routes/sql/SecretRoute.test.ts" name="Route:SecretSQL Tests &gt; Cannot update another user&apos;s secret (with user token)." time="0.0451129">
            <system-out>
[DerivedLogger.emit] 2026-08-23T00:09:28.966Z [34mdebug[39m: undefined

            </system-out>
        </testcase>
        <testcase classname="test/routes/sql/SecretRoute.test.ts" name="Route:SecretSQL Tests &gt; Regression: a trusted (admin) caller can update another user&apos;s secret without the omitted userUid being treated as a re-assignment attempt, and ownership is not silently transferred to the admin." time="0.0443703">
        </testcase>
        <testcase classname="test/routes/sql/SecretRoute.test.ts" name="Route:SecretSQL Tests &gt; Returns 404 when updating a secret that does not exist." time="0.0055337">
            <system-out>
[DerivedLogger.emit] 2026-08-23T00:09:29.016Z [34mdebug[39m: undefined

            </system-out>
        </testcase>
        <testcase classname="test/routes/sql/SecretRoute.test.ts" name="Route:SecretSQL Tests &gt; Can delete their own secret (with user token)." time="0.0578241">
        </testcase>
        <testcase classname="test/routes/sql/SecretRoute.test.ts" name="Route:SecretSQL Tests &gt; Cannot delete another user&apos;s secret (with user token)." time="0.0409603">
            <system-out>
[DerivedLogger.emit] 2026-08-23T00:09:29.114Z [34mdebug[39m: undefined

            </system-out>
        </testcase>
        <testcase classname="test/routes/sql/SecretRoute.test.ts" name="Route:SecretSQL Tests &gt; Cannot make count request (with user token)." time="0.1133284">
            <system-out>
[DerivedLogger.emit] 2026-08-23T00:09:29.228Z [34mdebug[39m: undefined

            </system-out>
        </testcase>
        <testcase classname="test/routes/sql/SecretRoute.test.ts" name="Route:SecretSQL Tests &gt; Truncate (with user token) only removes secrets the caller owns, leaving others&apos; intact." time="0.1921346">
        </testcase>
    </testsuite>
    <testsuite name="test/routes/sql/UserRoute.test.ts" timestamp="2026-08-23T00:11:33.166Z" hostname="Jane" tests="27" failures="0" errors="0" skipped="1" time="1.5277543">
        <testcase classname="test/routes/sql/UserRoute.test.ts" name="Route:UserSQL Tests &gt; Can make count request (with admin token)." time="0.0396609">
        </testcase>
        <testcase classname="test/routes/sql/UserRoute.test.ts" name="Route:UserSQL Tests &gt; Can make create request (with admin token), returning an AuthResult rather than the bare User." time="0.0125598">
        </testcase>
        <testcase classname="test/routes/sql/UserRoute.test.ts" name="Route:UserSQL Tests &gt; Cannot self-register anonymously (no Authorization header) - UserSQL&apos;s class-level ACL grants `.*` no CREATE access, same as any non-admin caller." time="0.010136">
            <system-out>
[DerivedLogger.emit] 2026-08-23T00:10:07.202Z [34mdebug[39m: undefined

            </system-out>
        </testcase>
        <testcase classname="test/routes/sql/UserRoute.test.ts" name="Route:UserSQL Tests &gt; Does not set a `jwt` `Set-Cookie` header when an already-authenticated (admin) caller creates a User on someone else&apos;s behalf (regression: the admin&apos;s own session must not be silently replaced by a session for the account they just provisioned for someone else). The unrelated `rrst.sid` session cookie, set by session middleware on every response, is unaffected." time="0.0099887">
        </testcase>
        <testcase classname="test/routes/sql/UserRoute.test.ts" name="Route:UserSQL Tests &gt; A User provisioned by an admin can read and update their own record afterward (regression test: `RepoUtils.create()`&apos;s automatic owner grant is skipped for trusted-role callers, since a trusted caller creating e.g. an Alias/Secret for themselves doesn&apos;t need a redundant grant — but an admin provisioning a User on someone else&apos;s behalf has no such self-service creator, so without this fix nobody ever gets a grant and the new user is locked out of their own account)." time="0.0193094">
        </testcase>
        <testcase classname="test/routes/sql/UserRoute.test.ts" name="Route:UserSQL Tests &gt; Can make delete request (with admin token)." time="0.0169457">
        </testcase>
        <testcase classname="test/routes/sql/UserRoute.test.ts" name="Route:UserSQL Tests &gt; Can make exists request (with admin token)." time="0">
            <skipped/>
        </testcase>
        <testcase classname="test/routes/sql/UserRoute.test.ts" name="Route:UserSQL Tests &gt; Cannot make an exists request without authentication (regression: exists() was missing the `@Auth([&quot;jwt&quot;])` guard applied to every sibling endpoint on this route, so an anonymous caller could reach the handler directly instead of being rejected with 401 up front)." time="0.0122794">
            <system-out>
[DerivedLogger.emit] 2026-08-23T00:10:07.259Z [34mdebug[39m: undefined

            </system-out>
        </testcase>
        <testcase classname="test/routes/sql/UserRoute.test.ts" name="Route:UserSQL Tests &gt; Cannot check if another user&apos;s record exists (with user token)." time="0.0111195">
            <system-out>
[DerivedLogger.emit] 2026-08-23T00:10:07.272Z [34mdebug[39m: undefined

            </system-out>
        </testcase>
        <testcase classname="test/routes/sql/UserRoute.test.ts" name="Route:UserSQL Tests &gt; Can make findAll request (with admin token)." time="0.0230239">
        </testcase>
        <testcase classname="test/routes/sql/UserRoute.test.ts" name="Route:UserSQL Tests &gt; Can make findById request (with admin token)." time="0.0089659">
        </testcase>
        <testcase classname="test/routes/sql/UserRoute.test.ts" name="Route:UserSQL Tests &gt; Can make truncate request (with admin token)." time="0.0303372">
        </testcase>
        <testcase classname="test/routes/sql/UserRoute.test.ts" name="Route:UserSQL Tests &gt; Can make update request (with admin token)." time="0.0156805">
        </testcase>
        <testcase classname="test/routes/sql/UserRoute.test.ts" name="Route:UserSQL Tests &gt; Sets requireMFA on a newly-created User from the request body when the server has no MFA mandate configured (with admin token)." time="0.0093753">
        </testcase>
        <testcase classname="test/routes/sql/UserRoute.test.ts" name="Route:UserSQL Tests &gt; Allows a caller to change their own requireMFA when the server has no MFA mandate configured." time="0.0116984">
        </testcase>
        <testcase classname="test/routes/sql/UserRoute.test.ts" name="Route:UserSQL Tests &gt; updateProperty is disabled, even for an admin token (regression: CRUDRoute.updateProperty calls validateUpdate() with a throwaway wrapper object, not the object that actually gets persisted, so the roles-reconciliation guard below cannot protect PUT /:id/roles - it&apos;s disabled outright instead, the same way BaseAliasRoute disables it)." time="0.0075492">
            <system-out>
[DerivedLogger.emit] 2026-08-23T00:10:07.380Z [34mdebug[39m: undefined

            </system-out>
        </testcase>
        <testcase classname="test/routes/sql/UserRoute.test.ts" name="Route:UserSQL Tests &gt; Cannot create a User (with non-admin token)." time="0.0044837">
            <system-out>
[DerivedLogger.emit] 2026-08-23T00:10:07.385Z [34mdebug[39m: undefined

            </system-out>
        </testcase>
        <testcase classname="test/routes/sql/UserRoute.test.ts" name="Route:UserSQL Tests &gt; Cannot read another user&apos;s record (with user token)." time="0.0084799">
            <system-out>
[DerivedLogger.emit] 2026-08-23T00:10:07.393Z [34mdebug[39m: undefined

            </system-out>
        </testcase>
        <testcase classname="test/routes/sql/UserRoute.test.ts" name="Route:UserSQL Tests &gt; Cannot update another user&apos;s record (with user token)." time="0.0105627">
            <system-out>
[DerivedLogger.emit] 2026-08-23T00:10:07.403Z [34mdebug[39m: undefined

            </system-out>
        </testcase>
        <testcase classname="test/routes/sql/UserRoute.test.ts" name="Route:UserSQL Tests &gt; Cannot self-escalate roles via update on their own record (regression: `roles` had no `@ReadOnly` protection and every self-registered user is automatically granted UPDATE on their own record, so a plain PUT with an elevated roles array used to persist unmodified - a full account takeover, since roles:[&quot;admin&quot;] bypasses every ACL check system-wide). The attempted roles change is now silently discarded rather than rejecting the whole request." time="0.0128378">
        </testcase>
        <testcase classname="test/routes/sql/UserRoute.test.ts" name="Route:UserSQL Tests &gt; Allows a caller to update their own record when roles are unchanged (no false-positive block)." time="0.0137218">
        </testcase>
        <testcase classname="test/routes/sql/UserRoute.test.ts" name="Route:UserSQL Tests &gt; Admin can still change another user&apos;s roles via update (legitimate role management is preserved)." time="0.0216048">
        </testcase>
        <testcase classname="test/routes/sql/UserRoute.test.ts" name="Route:UserSQL Tests &gt; Cannot update a single property of another user&apos;s record (with user token) - updateProperty is disabled." time="0.0167745">
            <system-out>
[DerivedLogger.emit] 2026-08-23T00:10:07.464Z [34mdebug[39m: undefined

            </system-out>
        </testcase>
        <testcase classname="test/routes/sql/UserRoute.test.ts" name="Route:UserSQL Tests &gt; Cannot delete another user&apos;s record (with user token)." time="0.0107665">
            <system-out>
[DerivedLogger.emit] 2026-08-23T00:10:07.479Z [34mdebug[39m: undefined

            </system-out>
        </testcase>
        <testcase classname="test/routes/sql/UserRoute.test.ts" name="Route:UserSQL Tests &gt; Cannot make count request (with user token)." time="0.0195238">
            <system-out>
[DerivedLogger.emit] 2026-08-23T00:10:07.499Z [34mdebug[39m: undefined

            </system-out>
        </testcase>
        <testcase classname="test/routes/sql/UserRoute.test.ts" name="Route:UserSQL Tests &gt; Truncate (with user token) affects nothing when the caller has no per-record grants." time="0.0276727">
        </testcase>
        <testcase classname="test/routes/sql/UserRoute.test.ts" name="Route:UserSQL Tests &gt; Cannot list Users at all with a user token that has no per-record grants." time="0.0188758">
            <system-out>
[DerivedLogger.emit] 2026-08-23T00:10:07.546Z [34mdebug[39m: undefined

            </system-out>
        </testcase>
    </testsuite>
</testsuites>
